Determining if the pthread_create exist failed with the following output:
Change Dir: /home/nvidia/navi-v2/device/build/CMakeFiles/CMakeTmp

Run Build Command:"/usr/bin/make" "cmTC_29f7a/fast"
/usr/bin/make -f CMakeFiles/cmTC_29f7a.dir/build.make CMakeFiles/cmTC_29f7a.dir/build
make[1]: Entering directory '/home/nvidia/navi-v2/device/build/CMakeFiles/CMakeTmp'
Building C object CMakeFiles/cmTC_29f7a.dir/CheckSymbolExists.c.o
/usr/bin/cc   -fPIC    -o CMakeFiles/cmTC_29f7a.dir/CheckSymbolExists.c.o   -c /home/nvidia/navi-v2/device/build/CMakeFiles/CMakeTmp/CheckSymbolExists.c
Linking C executable cmTC_29f7a
/usr/local/bin/cmake -E cmake_link_script CMakeFiles/cmTC_29f7a.dir/link.txt --verbose=1
/usr/bin/cc -fPIC     -rdynamic CMakeFiles/cmTC_29f7a.dir/CheckSymbolExists.c.o  -o cmTC_29f7a 
CMakeFiles/cmTC_29f7a.dir/CheckSymbolExists.c.o: In function `main':
CheckSymbolExists.c:(.text+0x14): undefined reference to `pthread_create'
CheckSymbolExists.c:(.text+0x18): undefined reference to `pthread_create'
collect2: error: ld returned 1 exit status
CMakeFiles/cmTC_29f7a.dir/build.make:97: recipe for target 'cmTC_29f7a' failed
make[1]: *** [cmTC_29f7a] Error 1
make[1]: Leaving directory '/home/nvidia/navi-v2/device/build/CMakeFiles/CMakeTmp'
Makefile:126: recipe for target 'cmTC_29f7a/fast' failed
make: *** [cmTC_29f7a/fast] Error 2

File /home/nvidia/navi-v2/device/build/CMakeFiles/CMakeTmp/CheckSymbolExists.c:
/* */
#include <pthread.h>

int main(int argc, char** argv)
{
  (void)argv;
#ifndef pthread_create
  return ((int*)(&pthread_create))[argc];
#else
  (void)argc;
  return 0;
#endif
}

Determining if the function pthread_create exists in the pthreads failed with the following output:
Change Dir: /home/nvidia/navi-v2/device/build/CMakeFiles/CMakeTmp

Run Build Command:"/usr/bin/make" "cmTC_c591d/fast"
/usr/bin/make -f CMakeFiles/cmTC_c591d.dir/build.make CMakeFiles/cmTC_c591d.dir/build
make[1]: Entering directory '/home/nvidia/navi-v2/device/build/CMakeFiles/CMakeTmp'
Building C object CMakeFiles/cmTC_c591d.dir/CheckFunctionExists.c.o
/usr/bin/cc   -fPIC -DCHECK_FUNCTION_EXISTS=pthread_create   -o CMakeFiles/cmTC_c591d.dir/CheckFunctionExists.c.o   -c /usr/local/share/cmake-3.9/Modules/CheckFunctionExists.c
Linking C executable cmTC_c591d
/usr/local/bin/cmake -E cmake_link_script CMakeFiles/cmTC_c591d.dir/link.txt --verbose=1
/usr/bin/cc -fPIC -DCHECK_FUNCTION_EXISTS=pthread_create    -rdynamic CMakeFiles/cmTC_c591d.dir/CheckFunctionExists.c.o  -o cmTC_c591d -lpthreads 
/usr/bin/ld: cannot find -lpthreads
collect2: error: ld returned 1 exit status
CMakeFiles/cmTC_c591d.dir/build.make:97: recipe for target 'cmTC_c591d' failed
make[1]: *** [cmTC_c591d] Error 1
make[1]: Leaving directory '/home/nvidia/navi-v2/device/build/CMakeFiles/CMakeTmp'
Makefile:126: recipe for target 'cmTC_c591d/fast' failed
make: *** [cmTC_c591d/fast] Error 2


